
> docuflow@0.1.0 build
> next build

   ▲ Next.js 16.0.7 (Turbopack)
   - Environments: .env

   Creating an optimized production build ...
 ✓ Compiled successfully in 1961.2ms
   Running TypeScript ...
Failed to compile.

./lib/auth.ts:9:3
Type error: Type 'import("/Users/mahbubalamkhan/Developer/Resource_Github_Projects/docuflow/node_modules/@auth/core/adapters").Adapter' is not assignable to type 'import("/Users/mahbubalamkhan/Developer/Resource_Github_Projects/docuflow/node_modules/next-auth/node_modules/@auth/core/adapters").Adapter'.
  Types of property 'createUser' are incompatible.
    Type '((user: import("/Users/mahbubalamkhan/Developer/Resource_Github_Projects/docuflow/node_modules/@auth/core/adapters").AdapterUser) => import("/Users/mahbubalamkhan/Developer/Resource_Github_Projects/docuflow/node_modules/@auth/core/types").Awaitable<import("/Users/mahbubalamkhan/Developer/Resource_Github_Projects/doc...' is not assignable to type '((user: import("/Users/mahbubalamkhan/Developer/Resource_Github_Projects/docuflow/node_modules/next-auth/node_modules/@auth/core/adapters").AdapterUser) => import("/Users/mahbubalamkhan/Developer/Resource_Github_Projects/docuflow/node_modules/next-auth/node_modules/@auth/core/types").Awaitable<import("/Users/mahbuba...'.
      Type '(user: import("/Users/mahbubalamkhan/Developer/Resource_Github_Projects/docuflow/node_modules/@auth/core/adapters").AdapterUser) => import("/Users/mahbubalamkhan/Developer/Resource_Github_Projects/docuflow/node_modules/@auth/core/types").Awaitable<import("/Users/mahbubalamkhan/Developer/Resource_Github_Projects/docu...' is not assignable to type '(user: import("/Users/mahbubalamkhan/Developer/Resource_Github_Projects/docuflow/node_modules/next-auth/node_modules/@auth/core/adapters").AdapterUser) => import("/Users/mahbubalamkhan/Developer/Resource_Github_Projects/docuflow/node_modules/next-auth/node_modules/@auth/core/types").Awaitable<import("/Users/mahbubal...'.
        Type 'import("/Users/mahbubalamkhan/Developer/Resource_Github_Projects/docuflow/node_modules/@auth/core/types").Awaitable<import("/Users/mahbubalamkhan/Developer/Resource_Github_Projects/docuflow/node_modules/@auth/core/adapters").AdapterUser>' is not assignable to type 'import("/Users/mahbubalamkhan/Developer/Resource_Github_Projects/docuflow/node_modules/next-auth/node_modules/@auth/core/types").Awaitable<import("/Users/mahbubalamkhan/Developer/Resource_Github_Projects/docuflow/node_modules/next-auth/node_modules/@auth/core/adapters").AdapterUser>'.
          Type 'AdapterUser' is not assignable to type 'Awaitable<AdapterUser>'.
            Property 'role' is missing in type 'import("/Users/mahbubalamkhan/Developer/Resource_Github_Projects/docuflow/node_modules/@auth/core/adapters").AdapterUser' but required in type 'import("/Users/mahbubalamkhan/Developer/Resource_Github_Projects/docuflow/node_modules/next-auth/node_modules/@auth/core/adapters").AdapterUser'.

[0m [90m  7 |[39m
 [90m  8 |[39m [36mexport[39m [36mconst[39m { handlers[33m,[39m signIn[33m,[39m signOut[33m,[39m auth } [33m=[39m [33mNextAuth[39m({
[31m[1m>[22m[39m[90m  9 |[39m   adapter[33m:[39m [33mPrismaAdapter[39m(prisma)[33m,[39m
 [90m    |[39m   [31m[1m^[22m[39m
 [90m 10 |[39m   session[33m:[39m {
 [90m 11 |[39m     strategy[33m:[39m [32m"jwt"[39m[33m,[39m
 [90m 12 |[39m   }[33m,[39m[0m
Next.js build worker exited with code: 1 and signal: null
